{"level":"info","msg":"Starting server on :8080","time":"2024-06-24T12:46:39+08:00"}
{"Name":"fengfeng","level":"info","msg":"用户成功注册","time":"2024-06-24T12:47:24+08:00"}
{"level":"info","msg":"Starting server on :8080","time":"2024-06-24T12:50:53+08:00"}
{"Name":"fengfeng","level":"info","msg":"用户%s成功注册fengfeng","time":"2024-06-24T12:51:06+08:00"}
{"level":"info","msg":"Starting server on :8080","time":"2024-06-24T12:57:55+08:00"}
{"Name":"fengfeng","level":"info","msg":"用户成功注册","time":"2024-06-24T12:57:59+08:00"}
{"level":"info","msg":"注册成功 ","time":"2024-06-24T12:57:59+08:00"}
{"level":"info","msg":"Starting server on :8080","time":"2024-06-24T13:08:54+08:00"}
{"Name":"fengfeng","level":"info","msg":"用户成功注册","time":"2024-06-24T13:10:21+08:00"}
{"level":"info","msg":"Starting server on :0","time":"2024-06-24T13:16:22+08:00"}
{"level":"info","msg":"Starting server on %!s(int=0)","time":"2024-06-24T13:19:06+08:00"}
{"level":"info","msg":"Starting server on 0","time":"2024-06-24T13:19:37+08:00"}
{"level":"info","msg":"Starting server on 8080","time":"2024-06-24T13:23:33+08:00"}
{"level":"info","msg":"Starting server on 8080","time":"2024-06-24T13:23:54+08:00"}
{"level":"info","msg":"Starting server on 0","time":"2024-06-24T13:24:16+08:00"}
{"level":"info","msg":"Starting server on 8080","time":"2024-06-24T13:24:42+08:00"}
{"level":"info","msg":"Starting server on 8080","time":"2024-06-24T13:26:25+08:00"}
{"level":"info","msg":"Starting server on :8080","time":"2024-06-24T13:34:25+08:00"}
{"level":"info","msg":"Starting server on :8080","time":"2024-06-24T13:34:45+08:00"}
{"level":"info","msg":"Starting server on :8080","time":"2024-06-24T13:35:23+08:00"}
{"level":"info","msg":"Starting server on :8080","time":"2024-06-24T13:36:37+08:00"}
{"level":"info","msg":"Starting server on :0","time":"2024-06-24T13:37:07+08:00"}
{"level":"info","msg":"Starting server on :0","time":"2024-06-24T13:37:13+08:00"}
{"level":"info","msg":"Starting server on :8080","time":"2024-06-24T13:37:22+08:00"}
{"Name":"fengfeng","level":"info","msg":"用户成功注册","time":"2024-06-24T13:38:04+08:00"}
{"level":"info","msg":"Starting server on :8080","time":"2024-06-24T22:28:33+08:00"}
{"Name":"fengfeng","level":"info","msg":"用户成功注册","time":"2024-06-24T22:29:22+08:00"}
{"level":"info","msg":"Starting server on :8080","time":"2024-06-25T00:29:24+08:00"}
{"level":"info","msg":"Starting server on :8080","time":"2024-06-25T01:40:14+08:00"}
{"Name":"fengfeng","level":"info","msg":"用户成功注册","time":"2024-06-25T01:42:37+08:00"}
{"level":"info","msg":"Starting server on :8080","time":"2024-06-25T01:50:44+08:00"}
{"level":"info","msg":"Starting server on :8080","time":"2024-06-25T01:53:31+08:00"}
{"error":"Key: 'UserInput.Name' Error:Field validation for 'Name' failed on the 'sign' tag","level":"error","msg":"验证失败","time":"2024-06-25T01:53:59+08:00"}
{"level":"info","msg":"Starting server on :8080","time":"2024-06-25T02:02:30+08:00"}
{"level":"info","msg":"Starting server on :8080","time":"2024-06-25T02:02:38+08:00"}
{"error":"Key: 'UserInput.Name' Error:Field validation for 'Name' failed on the 'sign' tag","level":"error","msg":"验证失败","time":"2024-06-25T02:03:01+08:00"}
{"level":"info","msg":"Starting server on :8080","time":"2024-06-25T02:03:28+08:00"}
{"level":"info","msg":"Starting server on :8080","time":"2024-06-25T02:42:41+08:00"}
{"level":"info","msg":"Starting server on :8080","time":"2024-06-25T02:50:22+08:00"}
{"level":"info","msg":"Starting server on :8080","time":"2024-06-25T03:03:11+08:00"}
{"Name":"mika","level":"info","msg":"用户成功注册","time":"2024-06-25T03:04:30+08:00"}
{"error":"Key: 'UserInput.Name' Error:Field validation for 'Name' failed on the 'sign' tag","level":"error","msg":"验证失败","time":"2024-06-25T03:06:19+08:00"}
{"Name":"mimi23","level":"info","msg":"用户成功注册","time":"2024-06-25T03:12:13+08:00"}
